<?xml version="1.0" encoding="UTF-8"?>
<!-- Generated by org.testng.reporters.JUnitReportReporter -->
<testsuite hostname="DESKTOP-2L6GFFA" failures="0" tests="2" name="testcases.TestExecution" time="51.118" errors="0" timestamp="2024-05-07T11:28:21 BDT" skipped="0">
  <testcase classname="testcases.TestExecution" name="TestOne" time="12.683"/>
  <testcase classname="testcases.TestExecution" name="TestTwo" time="38.435"/>
</testsuite> <!-- testcases.TestExecution -->
